<?xml version="1.0" encoding="UTF-8"?>
<!-- Generated by org.testng.reporters.JUnitReportReporter -->
<testsuite hostname="lwang" name="TestNGTwoPackage.TestTwo" tests="4" failures="0" timestamp="19 Feb 2015 05:49:21 GMT" time="0.004" errors="0">
  <testcase name="Test3" time="0.001" classname="TestNGTwoPackage.TestTwo"/>
  <testcase name="Test1" time="0.001" classname="TestNGTwoPackage.TestTwo"/>
  <testcase name="Test2" time="0.001" classname="TestNGTwoPackage.TestTwo"/>
  <testcase name="Test4" time="0.001" classname="TestNGTwoPackage.TestTwo"/>
</testsuite> <!-- TestNGTwoPackage.TestTwo -->
