<?xml version="1.0" encoding="UTF-8"?>
<!-- Generated by org.testng.reporters.JUnitReportReporter -->
<testsuite hostname="lwang" name="TestNGTwoPackage.TestOne" tests="1" failures="0" timestamp="19 Feb 2015 05:49:21 GMT" time="4.481" errors="0">
  <testcase name="f" time="4.481" classname="TestNGTwoPackage.TestOne"/>
</testsuite> <!-- TestNGTwoPackage.TestOne -->
